Copyright 1986-2016 Xilinx, Inc. All Rights Reserved.
------------------------------------------------------------------------------------
| Tool Version : Vivado v.2016.4 (win64) Build 1756540 Mon Jan 23 19:11:23 MST 2017
| Date         : Wed May 10 00:12:13 2023
| Host         : AriadnaPopesc running 64-bit major release  (build 9200)
| Command      : report_control_sets -verbose -file lab7_4_control_sets_placed.rpt
| Design       : lab7_4
| Device       : xc7a35t
------------------------------------------------------------------------------------

Control Set Information

Table of Contents
-----------------
1. Summary
2. Flip-Flop Distribution
3. Detailed Control Set Information

1. Summary
----------

+----------------------------------------------------------+-------+
|                          Status                          | Count |
+----------------------------------------------------------+-------+
| Number of unique control sets                            |     7 |
| Unused register locations in slices containing registers |    19 |
+----------------------------------------------------------+-------+


2. Flip-Flop Distribution
-------------------------

+--------------+-----------------------+------------------------+-----------------+--------------+
| Clock Enable | Synchronous Set/Reset | Asynchronous Set/Reset | Total Registers | Total Slices |
+--------------+-----------------------+------------------------+-----------------+--------------+
| No           | No                    | No                     |              23 |            8 |
| No           | No                    | Yes                    |               0 |            0 |
| No           | Yes                   | No                     |               0 |            0 |
| Yes          | No                    | No                     |             158 |           46 |
| Yes          | No                    | Yes                    |               0 |            0 |
| Yes          | Yes                   | No                     |              24 |            6 |
+--------------+-----------------------+------------------------+-----------------+--------------+


3. Detailed Control Set Information
-----------------------------------

+----------------+-------------------+------------------+------------------+----------------+
|  Clock Signal  |   Enable Signal   | Set/Reset Signal | Slice Load Count | Bel Load Count |
+----------------+-------------------+------------------+------------------+----------------+
|  clk_IBUF_BUFG | monopulse1/eqOp   |                  |                1 |              2 |
| ~RegDst        |                   |                  |                2 |              3 |
|  clk_IBUF_BUFG | monopulse1/p_0_in |                  |                4 |             16 |
|  clk_IBUF_BUFG |                   |                  |                6 |             20 |
|  clk_IBUF_BUFG | monopulse1/E[0]   | monopulse2/SR[0] |                6 |             24 |
| ~clk_IBUF_BUFG | monopulse1/p_1_in |                  |                6 |             48 |
|  clk_IBUF_BUFG | monopulse1/E[0]   |                  |               46 |            157 |
+----------------+-------------------+------------------+------------------+----------------+


+--------+-----------------------+
| Fanout | Number of ControlSets |
+--------+-----------------------+
| 2      |                     1 |
| 3      |                     1 |
| 16+    |                     5 |
+--------+-----------------------+


